<?xml version="1.0" encoding="UTF-8"?>
<!-- Generated by org.testng.reporters.JUnitXMLReporter -->
<testsuite ignored="2" hostname="LAPTOP-IAB2MOVQ" failures="4" tests="5" name="TestRun" time="19.113" errors="0" timestamp="2025-09-04T11:06:42 IST">
  <testcase classname="demotest.mainlogin" name="loginTest" time="9.005"/>
  <testcase classname="demotest.LeadSourceTest" name="navigateToLeadSettings" time="3.008">
    <failure type="java.lang.NullPointerException" message="Cannot invoke &amp;quot;org.openqa.selenium.support.ui.WebDriverWait.until(java.util.function.Function)&amp;quot; because &amp;quot;this.wait&amp;quot; is null">
      <![CDATA[java.lang.NullPointerException: Cannot invoke "org.openqa.selenium.support.ui.WebDriverWait.until(java.util.function.Function)" because "this.wait" is null
at demotest.LeadSourceTest.navigateToLeadSettings(LeadSourceTest.java:26)
at java.base/java.util.ArrayList.forEach(ArrayList.java:1596)
... Removed 25 stack frames]]>
    </failure>
  </testcase> <!-- navigateToLeadSettings -->
  <testcase classname="demotest.LeadSourceTest" name="createLeadRequirement" time="2.004">
    <failure type="java.lang.NullPointerException" message="Cannot invoke &amp;quot;org.openqa.selenium.support.ui.WebDriverWait.until(java.util.function.Function)&amp;quot; because &amp;quot;this.wait&amp;quot; is null">
      <![CDATA[java.lang.NullPointerException: Cannot invoke "org.openqa.selenium.support.ui.WebDriverWait.until(java.util.function.Function)" because "this.wait" is null
at demotest.LeadSourceTest.createLeadRequirement(LeadSourceTest.java:67)
at java.base/java.util.ArrayList.forEach(ArrayList.java:1596)
... Removed 25 stack frames]]>
    </failure>
  </testcase> <!-- createLeadRequirement -->
  <testcase classname="demotest.LeadSourceTest" name="editLeadRequirement" time="3.018">
    <failure type="java.lang.NullPointerException" message="Cannot invoke &amp;quot;org.openqa.selenium.support.ui.WebDriverWait.until(java.util.function.Function)&amp;quot; because &amp;quot;this.wait&amp;quot; is null">
      <![CDATA[java.lang.NullPointerException: Cannot invoke "org.openqa.selenium.support.ui.WebDriverWait.until(java.util.function.Function)" because "this.wait" is null
at demotest.LeadSourceTest.editLeadRequirement(LeadSourceTest.java:112)
at java.base/java.util.ArrayList.forEach(ArrayList.java:1596)
... Removed 25 stack frames]]>
    </failure>
  </testcase> <!-- editLeadRequirement -->
  <testcase classname="demotest.LeadSourceTest" name="deleteLeadRequirement" time="2.009">
    <failure type="java.lang.NullPointerException" message="Cannot invoke &amp;quot;org.openqa.selenium.support.ui.WebDriverWait.until(java.util.function.Function)&amp;quot; because &amp;quot;this.wait&amp;quot; is null">
      <![CDATA[java.lang.NullPointerException: Cannot invoke "org.openqa.selenium.support.ui.WebDriverWait.until(java.util.function.Function)" because "this.wait" is null
at demotest.LeadSourceTest.deleteLeadRequirement(LeadSourceTest.java:152)
at java.base/java.util.ArrayList.forEach(ArrayList.java:1596)
... Removed 25 stack frames]]>
    </failure>
  </testcase> <!-- deleteLeadRequirement -->
  <testcase classname="Base.base" name="@BeforeSuite initializeDriver" time="0.0">
    <ignored/>
  </testcase> <!-- @BeforeSuite initializeDriver -->
  <testcase classname="Base.base" name="@AfterSuite tearDown" time="0.0">
    <ignored/>
  </testcase> <!-- @AfterSuite tearDown -->
</testsuite> <!-- TestRun -->
